

Started GET "/" for ::1 at 2015-08-10 11:46:10 -0400
Processing by HomeController#index as HTML
  Rendered home/index.html.erb within layouts/application (2.1ms)
Completed 500 Internal Server Error in 1255ms (ActiveRecord: 0.0ms)

ActionView::Template::Error (Asset filtered out and will not be served: add `Rails.application.config.assets.precompile += %w( bootstrap-sass-official/assets/fonts/bootstrap/glyphicons-halflings-regular.woff2 )` to `config/initializers/assets.rb` and restart your server):
    2: <html>
    3: <head>
    4:   <title>Receta</title>
    5:   <%= stylesheet_link_tag    'application', media: 'all', 'data-turbolinks-track' => true %>
    6:   <%= javascript_include_tag 'application', 'data-turbolinks-track' => true %>
    7:   <%= csrf_meta_tags %>
    8: </head>
  app/views/layouts/application.html.erb:5:in `_app_views_layouts_application_html_erb__2775293298801807724_70210735955780'


  Rendered /Users/kushthaker/.rvm/gems/ruby-2.2.2/gems/actionpack-4.2.3/lib/action_dispatch/middleware/templates/rescues/_source.erb (32.5ms)
  Rendered /Users/kushthaker/.rvm/gems/ruby-2.2.2/gems/actionpack-4.2.3/lib/action_dispatch/middleware/templates/rescues/_trace.html.erb (8.5ms)
  Rendered /Users/kushthaker/.rvm/gems/ruby-2.2.2/gems/actionpack-4.2.3/lib/action_dispatch/middleware/templates/rescues/_request_and_response.html.erb (1.2ms)
  Rendered /Users/kushthaker/.rvm/gems/ruby-2.2.2/gems/actionpack-4.2.3/lib/action_dispatch/middleware/templates/rescues/template_error.html.erb within rescues/layout (106.0ms)
  Rendered /Users/kushthaker/.rvm/gems/ruby-2.2.2/gems/web-console-2.2.1/lib/web_console/templates/_markup.html.erb (0.7ms)
  Rendered /Users/kushthaker/.rvm/gems/ruby-2.2.2/gems/web-console-2.2.1/lib/web_console/templates/_inner_console_markup.html.erb within layouts/inlined_string (0.6ms)
  Rendered /Users/kushthaker/.rvm/gems/ruby-2.2.2/gems/web-console-2.2.1/lib/web_console/templates/_prompt_box_markup.html.erb within layouts/inlined_string (0.4ms)
  Rendered /Users/kushthaker/.rvm/gems/ruby-2.2.2/gems/web-console-2.2.1/lib/web_console/templates/style.css.erb within layouts/inlined_string (0.6ms)
  Rendered /Users/kushthaker/.rvm/gems/ruby-2.2.2/gems/web-console-2.2.1/lib/web_console/templates/console.js.erb within layouts/javascript (63.6ms)
  Rendered /Users/kushthaker/.rvm/gems/ruby-2.2.2/gems/web-console-2.2.1/lib/web_console/templates/main.js.erb within layouts/javascript (0.6ms)
  Rendered /Users/kushthaker/.rvm/gems/ruby-2.2.2/gems/web-console-2.2.1/lib/web_console/templates/error_page.js.erb within layouts/javascript (0.8ms)
  Rendered /Users/kushthaker/.rvm/gems/ruby-2.2.2/gems/web-console-2.2.1/lib/web_console/templates/index.html.erb (146.1ms)


Started GET "/" for ::1 at 2015-08-10 11:46:15 -0400
Processing by HomeController#index as HTML
  Rendered home/index.html.erb within layouts/application (0.1ms)
Completed 500 Internal Server Error in 221ms (ActiveRecord: 0.0ms)

ActionView::Template::Error (Asset filtered out and will not be served: add `Rails.application.config.assets.precompile += %w( bootstrap-sass-official/assets/fonts/bootstrap/glyphicons-halflings-regular.woff2 )` to `config/initializers/assets.rb` and restart your server):
    2: <html>
    3: <head>
    4:   <title>Receta</title>
    5:   <%= stylesheet_link_tag    'application', media: 'all', 'data-turbolinks-track' => true %>
    6:   <%= javascript_include_tag 'application', 'data-turbolinks-track' => true %>
    7:   <%= csrf_meta_tags %>
    8: </head>
  app/views/layouts/application.html.erb:5:in `_app_views_layouts_application_html_erb__2775293298801807724_70210735955780'


  Rendered /Users/kushthaker/.rvm/gems/ruby-2.2.2/gems/actionpack-4.2.3/lib/action_dispatch/middleware/templates/rescues/_source.erb (14.6ms)
  Rendered /Users/kushthaker/.rvm/gems/ruby-2.2.2/gems/actionpack-4.2.3/lib/action_dispatch/middleware/templates/rescues/_trace.html.erb (4.9ms)
  Rendered /Users/kushthaker/.rvm/gems/ruby-2.2.2/gems/actionpack-4.2.3/lib/action_dispatch/middleware/templates/rescues/_request_and_response.html.erb (0.9ms)
  Rendered /Users/kushthaker/.rvm/gems/ruby-2.2.2/gems/actionpack-4.2.3/lib/action_dispatch/middleware/templates/rescues/template_error.html.erb within rescues/layout (79.3ms)
  Rendered /Users/kushthaker/.rvm/gems/ruby-2.2.2/gems/web-console-2.2.1/lib/web_console/templates/_markup.html.erb (0.5ms)
  Rendered /Users/kushthaker/.rvm/gems/ruby-2.2.2/gems/web-console-2.2.1/lib/web_console/templates/_inner_console_markup.html.erb within layouts/inlined_string (0.4ms)
  Rendered /Users/kushthaker/.rvm/gems/ruby-2.2.2/gems/web-console-2.2.1/lib/web_console/templates/_prompt_box_markup.html.erb within layouts/inlined_string (0.3ms)
  Rendered /Users/kushthaker/.rvm/gems/ruby-2.2.2/gems/web-console-2.2.1/lib/web_console/templates/style.css.erb within layouts/inlined_string (0.4ms)
  Rendered /Users/kushthaker/.rvm/gems/ruby-2.2.2/gems/web-console-2.2.1/lib/web_console/templates/console.js.erb within layouts/javascript (56.2ms)
  Rendered /Users/kushthaker/.rvm/gems/ruby-2.2.2/gems/web-console-2.2.1/lib/web_console/templates/main.js.erb within layouts/javascript (0.3ms)
  Rendered /Users/kushthaker/.rvm/gems/ruby-2.2.2/gems/web-console-2.2.1/lib/web_console/templates/error_page.js.erb within layouts/javascript (0.6ms)
  Rendered /Users/kushthaker/.rvm/gems/ruby-2.2.2/gems/web-console-2.2.1/lib/web_console/templates/index.html.erb (121.2ms)


Started GET "/" for ::1 at 2015-08-10 11:48:44 -0400
Processing by HomeController#index as HTML
  Rendered home/index.html.erb within layouts/application (2.1ms)
Completed 200 OK in 4266ms (Views: 4252.4ms | ActiveRecord: 0.0ms)


Started GET "/" for ::1 at 2015-08-10 11:48:48 -0400
Processing by HomeController#index as HTML
  Rendered home/index.html.erb within layouts/application (0.1ms)
Completed 200 OK in 69ms (Views: 68.7ms | ActiveRecord: 0.0ms)


Started GET "/" for ::1 at 2015-08-10 11:48:49 -0400
Processing by HomeController#index as HTML
  Rendered home/index.html.erb within layouts/application (0.4ms)
Completed 200 OK in 81ms (Views: 79.8ms | ActiveRecord: 0.0ms)


Started GET "/assets/home.self-e3b0c44298fc1c149afbf4c8996fb92427ae41e4649b934ca495991b7852b855.css?body=1" for ::1 at 2015-08-10 11:48:49 -0400


Started GET "/assets/application.self-58b3b33fa08faa1a32533857f1a095ff174cf83c32716824773cc1890d328ded.css?body=1" for ::1 at 2015-08-10 11:48:49 -0400


Started GET "/assets/jquery/dist/jquery.self-a4777c1acac0a74340755725342901a54ed000955bf6f5320491b8b2514c86ec.js?body=1" for ::1 at 2015-08-10 11:48:49 -0400


Started GET "/assets/angular/angular.self-5918d434c9cc209ba9ff042e92494418b0d4189738c99bedd51c5bbdefe0f11c.js?body=1" for ::1 at 2015-08-10 11:48:49 -0400


Started GET "/assets/jquery_ujs.self-ca5248a2fad13d6bd58ea121318d642f195f0b2dd818b30615f785ff365e8d1f.js?body=1" for ::1 at 2015-08-10 11:48:49 -0400


Started GET "/assets/home.self-f2797b83a8b3b646aca753d94fbc13f68c34b2486ee2c591ebccd537419b624c.js?body=1" for ::1 at 2015-08-10 11:48:49 -0400


Started GET "/assets/application.self-3b8dabdc891efe46b9a144b400ad69e37d7e5876bdc39dee783419a69d7ca819.js?body=1" for ::1 at 2015-08-10 11:48:49 -0400
